============================= test session starts ==============================
platform linux -- Python 3.7.3, pytest-6.2.4, py-1.10.0, pluggy-0.13.1
rootdir: /app/src, configfile: pytest.ini
collected 233 items

src/test/org_user_tests/org.py .                                         [  0%]
src/test/cve_id_tests/cve_id.py .                                        [  0%]
src/test/cve_id_tests/cve_id_as_general_user.py ..                       [  1%]
src/test/cve_id_tests/cve_id_as_org_admin.py ..                          [  2%]
src/test/org_user_tests/org.py ....                                      [  4%]
src/test/org_user_tests/org_as_org_admin.py ...                          [  5%]
src/test/cve_id_tests/cve_id.py ........................                 [ 15%]
src/test/cve_id_tests/cve_id_as_general_user.py .                        [ 16%]
src/test/cve_id_tests/cve_id.py .                                        [ 16%]
src/test/cve_id_tests/cve_id_as_general_user.py .....                    [ 18%]
src/test/cve_id_tests/cve_id.py .                                        [ 19%]
src/test/cve_id_tests/cve_id_as_general_user.py ........................ [ 29%]
                                                                         [ 29%]
src/test/cve_id_tests/cve_id_as_org_admin.py .                           [ 30%]
src/test/cve_id_tests/cve_id.py .                                        [ 30%]
src/test/cve_id_tests/cve_id_as_org_admin.py .....                       [ 32%]
src/test/cve_id_tests/cve_id.py .                                        [ 33%]
src/test/cve_id_tests/cve_id_as_org_admin.py ........................    [ 43%]
src/test/cve_id_tests/cve_id_performance.py .....                        [ 45%]
src/test/cve_id_tests/cve_id_range.py .......................            [ 55%]
src/test/cve_tests/cve.py ..............                                 [ 61%]
src/test/cve_tests/cve_as_org_admin.py ...F                              [ 63%]
src/test/cve_tests/cve_as_reg_user.py ....                               [ 64%]
src/test/org_user_tests/org.py .                                         [ 65%]
src/test/cve_id_tests/cve_id.py ....                                     [ 66%]
src/test/org_user_tests/org.py ...........                               [ 71%]
src/test/cve_id_tests/cve_id.py .                                        [ 72%]
src/test/org_user_tests/org.py .......                                   [ 75%]
src/test/org_user_tests/org_as_org_admin.py .                            [ 75%]
src/test/cve_id_tests/cve_id.py .                                        [ 75%]
src/test/org_user_tests/org_as_org_admin.py .....                        [ 78%]
src/test/cve_id_tests/cve_id.py .                                        [ 78%]
src/test/org_user_tests/org_as_org_admin.py ..                           [ 79%]
src/test/cve_id_tests/cve_id.py .                                        [ 79%]
src/test/org_user_tests/org_as_org_admin.py .....................        [ 88%]
src/test/org_user_tests/regular_users.py ..........................      [100%]

=================================== FAILURES ===================================
____________________________ test_update_cve_record ____________________________

org_admin_headers = {'CVE-API-KEY': '9bde8cb24a9999aee8d6776ba3e2b1de60cd', 'CVE-API-ORG': '11c6c0dc-6bb9-4567-89cd-43f92fa45907', 'CVE-API-USER': '907fe364-f3f8-4355-8bab-2cb4705a0f20'}

    def test_update_cve_record(org_admin_headers):
        """ services api rejects requests for admin orgs """
>       with open('./src/test/cve_tests/cve_record_fixtures/CVE-2000-0009_public.json') as json_file:
E       FileNotFoundError: [Errno 2] No such file or directory: './src/test/cve_tests/cve_record_fixtures/CVE-2000-0009_public.json'

src/test/cve_tests/cve_as_org_admin.py:50: FileNotFoundError
=========================== short test summary info ============================
FAILED src/test/cve_tests/cve_as_org_admin.py::test_update_cve_record - FileN...
======================== 1 failed, 232 passed in 41.70s ========================
